<?xml version="1.0" encoding="UTF-8"?>
<testng-results ignored="0" total="3" passed="2" failed="1" skipped="0">
  <reporter-output>
  </reporter-output>
  <suite started-at="2021-11-08T15:02:51 IST" name="Suite" finished-at="2021-11-08T15:03:16 IST" duration-ms="24593">
    <groups>
    </groups>
    <test started-at="2021-11-08T15:02:51 IST" name="Test" finished-at="2021-11-08T15:03:16 IST" duration-ms="24593">
      <class name="mindtree.PracticeFrameworkHybrid.login.loginTest">
        <test-method is-config="true" signature="initialization()[pri:0, instance:mindtree.PracticeFrameworkHybrid.login.loginTest@78fe8d60]" started-at="2021-11-08T15:02:51 IST" name="initialization" finished-at="2021-11-08T15:02:58 IST" duration-ms="6834" status="PASS">
          <reporter-output>
          </reporter-output>
        </test-method> <!-- initialization -->
        <test-method signature="login(java.lang.String,java.lang.String)[pri:0, instance:mindtree.PracticeFrameworkHybrid.login.loginTest@78fe8d60]" started-at="2021-11-08T15:02:58 IST" name="login" data-provider="provideData" finished-at="2021-11-08T15:02:58 IST" duration-ms="526" status="PASS">
          <params>
            <param index="0">
              <value>
                <![CDATA[FirstUsername]]>
              </value>
            </param>
            <param index="1">
              <value>
                <![CDATA[FirstPass]]>
              </value>
            </param>
          </params>
          <reporter-output>
          </reporter-output>
        </test-method> <!-- login -->
        <test-method is-config="true" signature="closeDriver()[pri:0, instance:mindtree.PracticeFrameworkHybrid.login.loginTest@78fe8d60]" started-at="2021-11-08T15:02:59 IST" name="closeDriver" finished-at="2021-11-08T15:03:03 IST" duration-ms="4159" status="PASS">
          <reporter-output>
          </reporter-output>
        </test-method> <!-- closeDriver -->
        <test-method is-config="true" signature="initialization()[pri:0, instance:mindtree.PracticeFrameworkHybrid.login.loginTest@78fe8d60]" started-at="2021-11-08T15:03:03 IST" name="initialization" finished-at="2021-11-08T15:03:06 IST" duration-ms="3078" status="PASS">
          <reporter-output>
          </reporter-output>
        </test-method> <!-- initialization -->
        <test-method signature="login(java.lang.String,java.lang.String)[pri:0, instance:mindtree.PracticeFrameworkHybrid.login.loginTest@78fe8d60]" started-at="2021-11-08T15:03:06 IST" name="login" data-provider="provideData" finished-at="2021-11-08T15:03:07 IST" duration-ms="595" status="PASS">
          <params>
            <param index="0">
              <value>
                <![CDATA[SecondUsername]]>
              </value>
            </param>
            <param index="1">
              <value>
                <![CDATA[SecondPass]]>
              </value>
            </param>
          </params>
          <reporter-output>
          </reporter-output>
        </test-method> <!-- login -->
        <test-method is-config="true" signature="closeDriver()[pri:0, instance:mindtree.PracticeFrameworkHybrid.login.loginTest@78fe8d60]" started-at="2021-11-08T15:03:07 IST" name="closeDriver" finished-at="2021-11-08T15:03:11 IST" duration-ms="4169" status="PASS">
          <reporter-output>
          </reporter-output>
        </test-method> <!-- closeDriver -->
      </class> <!-- mindtree.PracticeFrameworkHybrid.login.loginTest -->
      <class name="mindtree.PracticeFrameworkHybrid.Homepage.HomepageTest">
        <test-method is-config="true" signature="Initialization()[pri:0, instance:mindtree.PracticeFrameworkHybrid.Homepage.HomepageTest@c4b430d5]" started-at="2021-11-08T15:03:11 IST" name="Initialization" finished-at="2021-11-08T15:03:14 IST" duration-ms="3250" status="PASS">
          <reporter-output>
          </reporter-output>
        </test-method> <!-- Initialization -->
        <test-method signature="validateHomepage()[pri:0, instance:mindtree.PracticeFrameworkHybrid.Homepage.HomepageTest@c4b430d5]" started-at="2021-11-08T15:03:14 IST" name="validateHomepage" finished-at="2021-11-08T15:03:15 IST" duration-ms="333" status="FAIL">
          <exception class="java.lang.AssertionError">
            <message>
              <![CDATA[expected [abcd] but found [HOT DEALS]]]>
            </message>
            <full-stacktrace>
              <![CDATA[java.lang.AssertionError: expected [abcd] but found [HOT DEALS]
at org.testng.Assert.fail(Assert.java:99)
at org.testng.Assert.failNotEquals(Assert.java:1037)
at org.testng.Assert.assertEqualsImpl(Assert.java:140)
at org.testng.Assert.assertEquals(Assert.java:122)
at org.testng.Assert.assertEquals(Assert.java:629)
at org.testng.Assert.assertEquals(Assert.java:639)
at mindtree.PracticeFrameworkHybrid.Homepage.HomepageTest.validateHomepage(HomepageTest.java:42)
at java.base/jdk.internal.reflect.NativeMethodAccessorImpl.invoke0(Native Method)
at java.base/jdk.internal.reflect.NativeMethodAccessorImpl.invoke(NativeMethodAccessorImpl.java:62)
at java.base/jdk.internal.reflect.DelegatingMethodAccessorImpl.invoke(DelegatingMethodAccessorImpl.java:43)
at java.base/java.lang.reflect.Method.invoke(Method.java:566)
at org.testng.internal.MethodInvocationHelper.invokeMethod(MethodInvocationHelper.java:133)
at org.testng.internal.TestInvoker.invokeMethod(TestInvoker.java:598)
at org.testng.internal.TestInvoker.invokeTestMethod(TestInvoker.java:173)
at org.testng.internal.MethodRunner.runInSequence(MethodRunner.java:46)
at org.testng.internal.TestInvoker$MethodInvocationAgent.invoke(TestInvoker.java:824)
at org.testng.internal.TestInvoker.invokeTestMethods(TestInvoker.java:146)
at org.testng.internal.TestMethodWorker.invokeTestMethods(TestMethodWorker.java:146)
at org.testng.internal.TestMethodWorker.run(TestMethodWorker.java:128)
at org.testng.TestRunner$$Lambda$124/0x0000000000000000.accept(Unknown Source)
at java.base/java.util.ArrayList.forEach(ArrayList.java:1541)
at org.testng.TestRunner.privateRun(TestRunner.java:794)
at org.testng.TestRunner.run(TestRunner.java:596)
at org.testng.SuiteRunner.runTest(SuiteRunner.java:377)
at org.testng.SuiteRunner.runSequentially(SuiteRunner.java:371)
at org.testng.SuiteRunner.privateRun(SuiteRunner.java:332)
at org.testng.SuiteRunner.run(SuiteRunner.java:276)
at org.testng.SuiteRunnerWorker.runSuite(SuiteRunnerWorker.java:53)
at org.testng.SuiteRunnerWorker.run(SuiteRunnerWorker.java:96)
at org.testng.TestNG.runSuitesSequentially(TestNG.java:1212)
at org.testng.TestNG.runSuitesLocally(TestNG.java:1134)
at org.testng.TestNG.runSuites(TestNG.java:1063)
at org.testng.TestNG.run(TestNG.java:1031)
at org.testng.remote.AbstractRemoteTestNG.run(AbstractRemoteTestNG.java:115)
at org.testng.remote.RemoteTestNG.initAndRun(RemoteTestNG.java:251)
at org.testng.remote.RemoteTestNG.main(RemoteTestNG.java:77)
]]>
            </full-stacktrace>
          </exception> <!-- java.lang.AssertionError -->
          <reporter-output>
          </reporter-output>
        </test-method> <!-- validateHomepage -->
        <test-method is-config="true" signature="closeDriver()[pri:0, instance:mindtree.PracticeFrameworkHybrid.Homepage.HomepageTest@c4b430d5]" started-at="2021-11-08T15:03:15 IST" name="closeDriver" finished-at="2021-11-08T15:03:16 IST" duration-ms="242" status="PASS">
          <reporter-output>
          </reporter-output>
        </test-method> <!-- closeDriver -->
      </class> <!-- mindtree.PracticeFrameworkHybrid.Homepage.HomepageTest -->
    </test> <!-- Test -->
  </suite> <!-- Suite -->
</testng-results>
